Arguments: 
  C:\Program Files (x86)\nodejs\node.exe C:\Users\Dulanjali\AppData\Roaming\npm\node_modules\yarn\bin\yarn.js

PATH: 
  C:\Program Files (x86)\Common Files\Oracle\Java\javapath;C:\Windows\system32;C:\Windows;C:\Windows\System32\Wbem;C:\Windows\System32\WindowsPowerShell\v1.0\;C:\Windows\System32\OpenSSH\;C:\Program Files (x86)\NVIDIA Corporation\PhysX\Common;C:\Program Files\dotnet\;C:\Program Files\Microsoft SQL Server\130\Tools\Binn\;C:\Program Files\Microsoft SQL Server\Client SDK\ODBC\170\Tools\Binn\;C:\Program Files (x86)\Microsoft SQL Server\150\Tools\Binn\;C:\Program Files\Microsoft SQL Server\150\Tools\Binn\;C:\Program Files\Microsoft SQL Server\150\DTS\Binn\;C:\Program Files (x86)\Microsoft SQL Server\150\DTS\Binn\;C:\Program Files\Azure Data Studio\bin;C:\Flutter\flutter\bin;C:\Program Files\Git\cmd;C:\Program Files (x86)\nodejs;C:\Program Files\Docker\Docker\resources\bin;C:\ProgramData\DockerDesktop\version-bin;C:\Users\Dulanjali\.gradle\wrapper\dists\gradle-6.7-all\cuy9mc7upwgwgeb72wkcrupxe\gradle-6.7\bin;C:\Program Files\Java\jdk1.8.0_281\bin;C:\xampp\php;C:\Users\Dulanjali\AppData\Local\Programs\Python\Python310\Scripts\;C:\Users\Dulanjali\AppData\Local\Programs\Python\Python310\;C:\flutter\bin;C:\Users\Dulanjali\.dotnet\tools;C:\Users\Dulanjali\AppData\Roaming\npm;C:\Users\Dulanjali\AppData\Local\Programs\Microsoft VS Code\bin;C:\Users\Dulanjali\AppData\Roaming\npm\node_modules\@angular;C:\Program Files (x86)\Brackets\

Yarn version: 
  1.22.19

Node version: 
  14.17.0

Platform: 
  win32 ia32

Trace: 
  Error: https://registry.yarnpkg.com/ramer-motion: Not found
      at Request.params.callback [as _callback] (C:\Users\Dulanjali\AppData\Roaming\npm\node_modules\yarn\lib\cli.js:66145:18)
      at Request.self.callback (C:\Users\Dulanjali\AppData\Roaming\npm\node_modules\yarn\lib\cli.js:140890:22)
      at Request.emit (events.js:376:20)
      at Request.<anonymous> (C:\Users\Dulanjali\AppData\Roaming\npm\node_modules\yarn\lib\cli.js:141862:10)
      at Request.emit (events.js:376:20)
      at IncomingMessage.<anonymous> (C:\Users\Dulanjali\AppData\Roaming\npm\node_modules\yarn\lib\cli.js:141784:12)
      at Object.onceWrapper (events.js:482:28)
      at IncomingMessage.emit (events.js:388:22)
      at endReadableNT (internal/streams/readable.js:1336:12)
      at processTicksAndRejections (internal/process/task_queues.js:82:21)

npm manifest: 
  {
    "name": "starter",
    "version": "0.1.0",
    "private": true,
    "dependencies": {
      "@emailjs/browser": "^3.6.2",
      "@iconscout/react-unicons": "^1.1.6",
      "@testing-library/jest-dom": "^5.14.1",
      "@testing-library/react": "^12.0.0",
      "@testing-library/user-event": "^13.2.1",
      "emailjs": "^4.0.1",
      "react": "^17.0.2",
      "react-dom": "^17.0.2",
      "react-scripts": "5.0.0",
      "swiper": "^8.3.2",
      "web-vitals": "^2.1.0",
      "framer-motion": "^7.2.1"
    },
    "scripts": {
      "start": "react-scripts start",
      "build": "react-scripts build",
      "test": "react-scripts test",
      "eject": "react-scripts eject"
    },
    "eslintConfig": {
      "extends": [
        "react-app",
        "react-app/jest"
      ]
    },
    "browserslist": {
      "production": [
        ">0.2%",
        "not dead",
        "not op_mini all"
      ],
      "development": [
        "last 1 chrome version",
        "last 1 firefox version",
        "last 1 safari version"
      ]
    }
  }

yarn manifest: 
  No manifest

Lockfile: 
  No lockfile
